[     136ms] [INFO] %cDownload the React DevTools for a better development experience: https://react.dev/link/react-devtools font-weight:bold @ http://localhost:3041/_next/static/chunks/06s8_next_dist_1y2e-5q._.js:2477
[     170ms] [LOG] [HMR] connected @ http://localhost:3041/_next/static/chunks/06s8_next_dist_1y2e-5q._.js:2477
[     211ms] [ERROR] Failed to load resource: the server responded with a status of 404 (Not Found) @ http://localhost:3041/favicon.ico:0
[     256ms] [LOG] %c[Vercel Web Analytics]%c Debug mode is enabled by default in development. No requests will be sent to the server. color: rgb(120, 120, 120) color: inherit @ http://localhost:3041/_next/static/chunks/06s8_next_dist_1y2e-5q._.js:2477
[     257ms] [LOG] %c[Vercel Web Analytics]%c Running queued event color: rgb(120, 120, 120) color: inherit pageview {route: /app, path: /app} @ http://localhost:3041/_next/static/chunks/06s8_next_dist_1y2e-5q._.js:2477
[     257ms] [LOG] %c[Vercel Web Analytics]%c [view] http://localhost:3041/app color: rgb(120, 120, 120) color: inherit {o: http://localhost:3041/app, sv: 0.1.3, sdkn: @vercel/analytics/next, sdkv: 2.0.1, ts: 1783813371062} /_vercel/insights/view @ http://localhost:3041/_next/static/chunks/06s8_next_dist_1y2e-5q._.js:2477
[  330340ms] [LOG] [Fast Refresh] rebuilding @ http://localhost:3041/_next/static/chunks/06s8_next_dist_1y2e-5q._.js:2477
[  330403ms] [LOG] [Fast Refresh] done in 132ms @ http://localhost:3041/_next/static/chunks/06s8_next_dist_1y2e-5q._.js:2477
[  626773ms] [INFO] %cDownload the React DevTools for a better development experience: https://react.dev/link/react-devtools font-weight:bold @ http://localhost:3041/_next/static/chunks/06s8_next_dist_1y2e-5q._.js:2477
[  626787ms] [LOG] [HMR] connected @ http://localhost:3041/_next/static/chunks/06s8_next_dist_1y2e-5q._.js:2477
[  626847ms] [LOG] %c[Vercel Web Analytics]%c Debug mode is enabled by default in development. No requests will be sent to the server. color: rgb(120, 120, 120) color: inherit @ http://localhost:3041/_next/static/chunks/06s8_next_dist_1y2e-5q._.js:2477
[  626847ms] [LOG] %c[Vercel Web Analytics]%c Running queued event color: rgb(120, 120, 120) color: inherit pageview {route: /app, path: /app} @ http://localhost:3041/_next/static/chunks/06s8_next_dist_1y2e-5q._.js:2477
[  626847ms] [LOG] %c[Vercel Web Analytics]%c [view] http://localhost:3041/app color: rgb(120, 120, 120) color: inherit {o: http://localhost:3041/app, sv: 0.1.3, sdkn: @vercel/analytics/next, sdkv: 2.0.1, ts: 1783813997653} /_vercel/insights/view @ http://localhost:3041/_next/static/chunks/06s8_next_dist_1y2e-5q._.js:2477
[  629849ms] [WARNING] The resource http://localhost:3041/_next/static/media/797e433ab948586e-s.p.0r6juujl39pe6.woff2 was preloaded using link preload but not used within a few seconds from the window's load event. Please make sure it has an appropriate `as` value and it is preloaded intentionally. @ http://localhost:3041/app:0
[  674707ms] [ERROR] WebSocket connection to 'ws://localhost:3041/_next/webpack-hmr?id=vd5FvAuc9yKxW2RFGLkw1' failed:  @ http://localhost:3041/_next/static/chunks/06s8_next_dist_client_1qwlcy8._.js:13422
[  675710ms] [ERROR] WebSocket connection to 'ws://localhost:3041/_next/webpack-hmr?id=vd5FvAuc9yKxW2RFGLkw1' failed: Error in connection establishment: net::ERR_CONNECTION_REFUSED @ http://localhost:3041/_next/static/chunks/06s8_next_dist_client_1qwlcy8._.js:13422
[  676712ms] [ERROR] WebSocket connection to 'ws://localhost:3041/_next/webpack-hmr?id=vd5FvAuc9yKxW2RFGLkw1' failed: Error in connection establishment: net::ERR_CONNECTION_REFUSED @ http://localhost:3041/_next/static/chunks/06s8_next_dist_client_1qwlcy8._.js:13422
[  677714ms] [ERROR] WebSocket connection to 'ws://localhost:3041/_next/webpack-hmr?id=vd5FvAuc9yKxW2RFGLkw1' failed: Error in connection establishment: net::ERR_CONNECTION_REFUSED @ http://localhost:3041/_next/static/chunks/06s8_next_dist_client_1qwlcy8._.js:13422
[  678716ms] [ERROR] WebSocket connection to 'ws://localhost:3041/_next/webpack-hmr?id=vd5FvAuc9yKxW2RFGLkw1' failed: Error in connection establishment: net::ERR_CONNECTION_REFUSED @ http://localhost:3041/_next/static/chunks/06s8_next_dist_client_1qwlcy8._.js:13422
[  679720ms] [ERROR] WebSocket connection to 'ws://localhost:3041/_next/webpack-hmr?id=vd5FvAuc9yKxW2RFGLkw1' failed: Error in connection establishment: net::ERR_CONNECTION_REFUSED @ http://localhost:3041/_next/static/chunks/06s8_next_dist_client_1qwlcy8._.js:13422
[  684723ms] [ERROR] WebSocket connection to 'ws://localhost:3041/_next/webpack-hmr?id=vd5FvAuc9yKxW2RFGLkw1' failed: Error in connection establishment: net::ERR_CONNECTION_REFUSED @ http://localhost:3041/_next/static/chunks/06s8_next_dist_client_1qwlcy8._.js:13422
[  689738ms] [ERROR] WebSocket connection to 'ws://localhost:3041/_next/webpack-hmr?id=vd5FvAuc9yKxW2RFGLkw1' failed: Error in connection establishment: net::ERR_CONNECTION_REFUSED @ http://localhost:3041/_next/static/chunks/06s8_next_dist_client_1qwlcy8._.js:13422
[  694753ms] [ERROR] WebSocket connection to 'ws://localhost:3041/_next/webpack-hmr?id=vd5FvAuc9yKxW2RFGLkw1' failed: Error in connection establishment: net::ERR_CONNECTION_REFUSED @ http://localhost:3041/_next/static/chunks/06s8_next_dist_client_1qwlcy8._.js:13422
[  699786ms] [ERROR] WebSocket connection to 'ws://localhost:3041/_next/webpack-hmr?id=vd5FvAuc9yKxW2RFGLkw1' failed: Error in connection establishment: net::ERR_CONNECTION_REFUSED @ http://localhost:3041/_next/static/chunks/06s8_next_dist_client_1qwlcy8._.js:13422
[  704809ms] [ERROR] WebSocket connection to 'ws://localhost:3041/_next/webpack-hmr?id=vd5FvAuc9yKxW2RFGLkw1' failed: Error in connection establishment: net::ERR_CONNECTION_REFUSED @ http://localhost:3041/_next/static/chunks/06s8_next_dist_client_1qwlcy8._.js:13422
[  709943ms] [ERROR] WebSocket connection to 'ws://localhost:3041/_next/webpack-hmr?id=vd5FvAuc9yKxW2RFGLkw1' failed: Error in connection establishment: net::ERR_CONNECTION_REFUSED @ http://localhost:3041/_next/static/chunks/06s8_next_dist_client_1qwlcy8._.js:13422
[  715149ms] [ERROR] WebSocket connection to 'ws://localhost:3041/_next/webpack-hmr?id=vd5FvAuc9yKxW2RFGLkw1' failed: Error in connection establishment: net::ERR_CONNECTION_REFUSED @ http://localhost:3041/_next/static/chunks/06s8_next_dist_client_1qwlcy8._.js:13422
