[      88ms] [INFO] %cDownload the React DevTools for a better development experience: https://react.dev/link/react-devtools font-weight:bold @ http://localhost:3026/_next/static/chunks/06s8_next_dist_1y2e-5q._.js:2477
[      98ms] [LOG] [HMR] connected @ http://localhost:3026/_next/static/chunks/06s8_next_dist_1y2e-5q._.js:2477
[     163ms] [LOG] %c[Vercel Web Analytics]%c Debug mode is enabled by default in development. No requests will be sent to the server. color: rgb(120, 120, 120) color: inherit @ http://localhost:3026/_next/static/chunks/06s8_next_dist_1y2e-5q._.js:2477
[     163ms] [LOG] %c[Vercel Web Analytics]%c Running queued event color: rgb(120, 120, 120) color: inherit pageview {route: /app, path: /app} @ http://localhost:3026/_next/static/chunks/06s8_next_dist_1y2e-5q._.js:2477
[     163ms] [LOG] %c[Vercel Web Analytics]%c [view] http://localhost:3026/app color: rgb(120, 120, 120) color: inherit {o: http://localhost:3026/app, sv: 0.1.3, sdkn: @vercel/analytics/next, sdkv: 2.0.1, ts: 1783810956164} /_vercel/insights/view @ http://localhost:3026/_next/static/chunks/06s8_next_dist_1y2e-5q._.js:2477
[  959432ms] [LOG] [Fast Refresh] rebuilding @ http://localhost:3026/_next/static/chunks/06s8_next_dist_1y2e-5q._.js:2477
[  959459ms] [LOG] [Fast Refresh] done in 128ms @ http://localhost:3026/_next/static/chunks/06s8_next_dist_1y2e-5q._.js:2477
[ 1051425ms] [LOG] [Fast Refresh] rebuilding @ http://localhost:3026/_next/static/chunks/06s8_next_dist_1y2e-5q._.js:2477
[ 1051514ms] [LOG] [Fast Refresh] done in 194ms @ http://localhost:3026/_next/static/chunks/06s8_next_dist_1y2e-5q._.js:2477
[ 1069551ms] [LOG] [Fast Refresh] rebuilding @ http://localhost:3026/_next/static/chunks/06s8_next_dist_1y2e-5q._.js:2477
[ 1069659ms] [LOG] [Fast Refresh] done in 183ms @ http://localhost:3026/_next/static/chunks/06s8_next_dist_1y2e-5q._.js:2477
[ 1087384ms] [LOG] [Fast Refresh] rebuilding @ http://localhost:3026/_next/static/chunks/06s8_next_dist_1y2e-5q._.js:2477
[ 1087411ms] [LOG] [Fast Refresh] done in 40ms @ http://localhost:3026/_next/static/chunks/06s8_next_dist_1y2e-5q._.js:2477
[ 1104327ms] [LOG] [Fast Refresh] rebuilding @ http://localhost:3026/_next/static/chunks/06s8_next_dist_1y2e-5q._.js:2477
[ 1104335ms] [ERROR] A component is changing the controlled state of openProp to be uncontrolled. Elements should not switch from uncontrolled to controlled (or vice versa). @ http://localhost:3026/_next/static/chunks/06s8_next_dist_1y2e-5q._.js:3318
[ 1104335ms] [ERROR] A component is changing the controlled state of openProp to be uncontrolled. Elements should not switch from uncontrolled to controlled (or vice versa). @ http://localhost:3026/_next/static/chunks/06s8_next_dist_1y2e-5q._.js:3318
[ 1104336ms] [ERROR] A component is changing the controlled state of openProp to be uncontrolled. Elements should not switch from uncontrolled to controlled (or vice versa). @ http://localhost:3026/_next/static/chunks/06s8_next_dist_1y2e-5q._.js:3318
[ 1104337ms] [ERROR] A component is changing the controlled state of openProp to be uncontrolled. Elements should not switch from uncontrolled to controlled (or vice versa). @ http://localhost:3026/_next/static/chunks/06s8_next_dist_1y2e-5q._.js:3318
[ 1104338ms] [ERROR] A component is changing the controlled state of openProp to be uncontrolled. Elements should not switch from uncontrolled to controlled (or vice versa). @ http://localhost:3026/_next/static/chunks/06s8_next_dist_1y2e-5q._.js:3318
[ 1104338ms] [ERROR] A component is changing the controlled state of openProp to be uncontrolled. Elements should not switch from uncontrolled to controlled (or vice versa). @ http://localhost:3026/_next/static/chunks/06s8_next_dist_1y2e-5q._.js:3318
[ 1104383ms] [LOG] [Fast Refresh] done in 25ms @ http://localhost:3026/_next/static/chunks/06s8_next_dist_1y2e-5q._.js:2477
[ 1104485ms] [LOG] [Fast Refresh] rebuilding @ http://localhost:3026/_next/static/chunks/06s8_next_dist_1y2e-5q._.js:2477
[ 1104596ms] [LOG] [Fast Refresh] done in 212ms @ http://localhost:3026/_next/static/chunks/06s8_next_dist_1y2e-5q._.js:2477
